{"/home/liuxu/myProjects/sengokuRPG-core/src/Character/CharacterNormal.ts": {"path":"/home/liuxu/myProjects/sengokuRPG-core/src/Character/CharacterNormal.ts","statementMap":{"0":{"start":{"line":2,"column":0},"end":{"line":2,"column":68}},"1":{"start":{"line":4,"column":0},"end":{"line":4,"column":48}},"2":{"start":{"line":21,"column":8},"end":{"line":21,"column":46}},"3":{"start":{"line":22,"column":8},"end":{"line":22,"column":31}},"4":{"start":{"line":23,"column":8},"end":{"line":23,"column":35}},"5":{"start":{"line":24,"column":8},"end":{"line":24,"column":29}},"6":{"start":{"line":25,"column":8},"end":{"line":25,"column":33}},"7":{"start":{"line":27,"column":8},"end":{"line":43,"column":null}},"8":{"start":{"line":28,"column":12},"end":{"line":28,"column":41}},"9":{"start":{"line":29,"column":12},"end":{"line":29,"column":51}},"10":{"start":{"line":30,"column":12},"end":{"line":30,"column":59}},"11":{"start":{"line":32,"column":12},"end":{"line":32,"column":27}},"12":{"start":{"line":33,"column":12},"end":{"line":39,"column":null}},"13":{"start":{"line":34,"column":37},"end":{"line":34,"column":71}},"14":{"start":{"line":35,"column":16},"end":{"line":38,"column":19}},"15":{"start":{"line":40,"column":12},"end":{"line":42,"column":14}},"16":{"start":{"line":41,"column":52},"end":{"line":41,"column":101}},"17":{"start":{"line":56,"column":8},"end":{"line":56,"column":56}},"18":{"start":{"line":57,"column":8},"end":{"line":57,"column":45}},"19":{"start":{"line":61,"column":8},"end":{"line":61,"column":26}},"20":{"start":{"line":65,"column":8},"end":{"line":65,"column":27}},"21":{"start":{"line":10,"column":0},"end":{"line":10,"column":13}}},"fnMap":{"0":{"name":"(anonymous_0)","decl":{"start":{"line":20,"column":4},"end":{"line":20,"column":16}},"loc":{"start":{"line":20,"column":67},"end":{"line":49,"column":5}}},"1":{"name":"(anonymous_1)","decl":{"start":{"line":41,"column":16},"end":{"line":41,"column":17}},"loc":{"start":{"line":41,"column":52},"end":{"line":41,"column":101}}},"2":{"name":"(anonymous_2)","decl":{"start":{"line":55,"column":4},"end":{"line":55,"column":12}},"loc":{"start":{"line":55,"column":45},"end":{"line":58,"column":5}}},"3":{"name":"(anonymous_3)","decl":{"start":{"line":60,"column":4},"end":{"line":60,"column":12}},"loc":{"start":{"line":60,"column":12},"end":{"line":62,"column":5}}},"4":{"name":"(anonymous_4)","decl":{"start":{"line":64,"column":4},"end":{"line":64,"column":12}},"loc":{"start":{"line":64,"column":26},"end":{"line":66,"column":5}}}},"branchMap":{"0":{"loc":{"start":{"line":27,"column":8},"end":{"line":43,"column":null}},"type":"if","locations":[{"start":{"line":27,"column":8},"end":{"line":43,"column":null}},{"start":{"line":27,"column":8},"end":{"line":43,"column":null}}]},"1":{"loc":{"start":{"line":56,"column":42},"end":{"line":56,"column":46}},"type":"cond-expr","locations":[{"start":{"line":56,"column":42},"end":{"line":56,"column":46}},{"start":{"line":56,"column":46},"end":{"line":56,"column":55}}]},"2":{"loc":{"start":{"line":56,"column":42},"end":{"line":56,"column":46}},"type":"binary-expr","locations":[{"start":{"line":56,"column":42},"end":{"line":56,"column":46}},{"start":{"line":56,"column":42},"end":{"line":56,"column":46}}]}},"s":{"0":1,"1":1,"2":1,"3":1,"4":1,"5":1,"6":1,"7":1,"8":0,"9":0,"10":0,"11":1,"12":1,"13":1,"14":1,"15":1,"16":0,"17":0,"18":0,"19":0,"20":0,"21":1},"f":{"0":1,"1":0,"2":0,"3":0,"4":0},"b":{"0":[0,1],"1":[0,0],"2":[0,0]}}
,"/home/liuxu/myProjects/sengokuRPG-core/src/Character/CharacterPropertyNormal.ts": {"path":"/home/liuxu/myProjects/sengokuRPG-core/src/Character/CharacterPropertyNormal.ts","statementMap":{"0":{"start":{"line":16,"column":8},"end":{"line":16,"column":35}},"1":{"start":{"line":17,"column":8},"end":{"line":17,"column":44}},"2":{"start":{"line":18,"column":8},"end":{"line":18,"column":52}},"3":{"start":{"line":25,"column":8},"end":{"line":27,"column":null}},"4":{"start":{"line":26,"column":12},"end":{"line":26,"column":45}},"5":{"start":{"line":28,"column":8},"end":{"line":28,"column":74}},"6":{"start":{"line":6,"column":0},"end":{"line":6,"column":13}}},"fnMap":{"0":{"name":"(anonymous_0)","decl":{"start":{"line":15,"column":4},"end":{"line":15,"column":16}},"loc":{"start":{"line":15,"column":113},"end":{"line":19,"column":5}}},"1":{"name":"(anonymous_1)","decl":{"start":{"line":24,"column":4},"end":{"line":24,"column":8}},"loc":{"start":{"line":24,"column":19},"end":{"line":29,"column":5}}}},"branchMap":{"0":{"loc":{"start":{"line":25,"column":8},"end":{"line":27,"column":null}},"type":"if","locations":[{"start":{"line":25,"column":8},"end":{"line":27,"column":null}},{"start":{"line":25,"column":8},"end":{"line":27,"column":null}}]}},"s":{"0":1,"1":1,"2":1,"3":0,"4":0,"5":0,"6":1},"f":{"0":1,"1":0},"b":{"0":[0,0]}}
,"/home/liuxu/myProjects/sengokuRPG-core/src/Character/EquipmentSlot.ts": {"path":"/home/liuxu/myProjects/sengokuRPG-core/src/Character/EquipmentSlot.ts","statementMap":{"0":{"start":{"line":1,"column":0},"end":{"line":1,"column":54}},"1":{"start":{"line":18,"column":8},"end":{"line":18,"column":39}},"2":{"start":{"line":19,"column":8},"end":{"line":19,"column":60}},"3":{"start":{"line":20,"column":8},"end":{"line":25,"column":null}},"4":{"start":{"line":21,"column":44},"end":{"line":22,"column":null}},"5":{"start":{"line":24,"column":12},"end":{"line":24,"column":65}},"6":{"start":{"line":33,"column":8},"end":{"line":33,"column":35}},"7":{"start":{"line":7,"column":0},"end":{"line":7,"column":13}}},"fnMap":{"0":{"name":"(anonymous_0)","decl":{"start":{"line":17,"column":4},"end":{"line":17,"column":16}},"loc":{"start":{"line":17,"column":57},"end":{"line":26,"column":5}}},"1":{"name":"(anonymous_1)","decl":{"start":{"line":32,"column":4},"end":{"line":32,"column":16}},"loc":{"start":{"line":32,"column":41},"end":{"line":34,"column":5}}}},"branchMap":{},"s":{"0":1,"1":0,"2":0,"3":0,"4":0,"5":0,"6":0,"7":1},"f":{"0":0,"1":0},"b":{}}
,"/home/liuxu/myProjects/sengokuRPG-core/src/Common/Rarity.ts": {"path":"/home/liuxu/myProjects/sengokuRPG-core/src/Common/Rarity.ts","statementMap":{"0":{"start":{"line":1,"column":0},"end":{"line":1,"column":null}},"1":{"start":{"line":2,"column":4},"end":{"line":2,"column":null}},"2":{"start":{"line":3,"column":4},"end":{"line":3,"column":null}},"3":{"start":{"line":4,"column":4},"end":{"line":4,"column":null}},"4":{"start":{"line":5,"column":4},"end":{"line":5,"column":null}},"5":{"start":{"line":6,"column":4},"end":{"line":6,"column":null}},"6":{"start":{"line":7,"column":4},"end":{"line":7,"column":null}}},"fnMap":{"0":{"name":"(anonymous_0)","decl":{"start":{"line":1,"column":0},"end":{"line":1,"column":12}},"loc":{"start":{"line":1,"column":18},"end":{"line":8,"column":1}}}},"branchMap":{"0":{"loc":{"start":{"line":1,"column":12},"end":{"line":1,"column":18}},"type":"binary-expr","locations":[{"start":{"line":1,"column":12},"end":{"line":1,"column":18}},{"start":{"line":1,"column":12},"end":{"line":1,"column":null}}]}},"s":{"0":4,"1":4,"2":4,"3":4,"4":4,"5":4,"6":4},"f":{"0":4},"b":{"0":[4,4]}}
,"/home/liuxu/myProjects/sengokuRPG-core/src/Condition/Condition.ts": {"path":"/home/liuxu/myProjects/sengokuRPG-core/src/Condition/Condition.ts","statementMap":{"0":{"start":{"line":6,"column":0},"end":{"line":6,"column":null}},"1":{"start":{"line":7,"column":4},"end":{"line":7,"column":null}},"2":{"start":{"line":8,"column":4},"end":{"line":8,"column":null}},"3":{"start":{"line":26,"column":8},"end":{"line":26,"column":43}},"4":{"start":{"line":27,"column":8},"end":{"line":27,"column":45}},"5":{"start":{"line":31,"column":8},"end":{"line":31,"column":43}},"6":{"start":{"line":36,"column":8},"end":{"line":42,"column":null}},"7":{"start":{"line":38,"column":12},"end":{"line":38,"column":99}},"8":{"start":{"line":38,"column":68},"end":{"line":38,"column":97}},"9":{"start":{"line":41,"column":12},"end":{"line":41,"column":98}},"10":{"start":{"line":41,"column":67},"end":{"line":41,"column":96}},"11":{"start":{"line":14,"column":0},"end":{"line":14,"column":13}}},"fnMap":{"0":{"name":"(anonymous_0)","decl":{"start":{"line":6,"column":0},"end":{"line":6,"column":12}},"loc":{"start":{"line":6,"column":25},"end":{"line":9,"column":1}}},"1":{"name":"(anonymous_1)","decl":{"start":{"line":19,"column":4},"end":{"line":19,"column":16}},"loc":{"start":{"line":25,"column":10},"end":{"line":28,"column":5}}},"2":{"name":"(anonymous_2)","decl":{"start":{"line":30,"column":4},"end":{"line":30,"column":20}},"loc":{"start":{"line":30,"column":63},"end":{"line":32,"column":5}}},"3":{"name":"(anonymous_3)","decl":{"start":{"line":35,"column":4},"end":{"line":35,"column":8}},"loc":{"start":{"line":35,"column":19},"end":{"line":43,"column":5}}},"4":{"name":"(anonymous_4)","decl":{"start":{"line":38,"column":45},"end":{"line":38,"column":46}},"loc":{"start":{"line":38,"column":68},"end":{"line":38,"column":97}}},"5":{"name":"(anonymous_5)","decl":{"start":{"line":41,"column":44},"end":{"line":41,"column":45}},"loc":{"start":{"line":41,"column":67},"end":{"line":41,"column":96}}}},"branchMap":{"0":{"loc":{"start":{"line":6,"column":12},"end":{"line":6,"column":25}},"type":"binary-expr","locations":[{"start":{"line":6,"column":12},"end":{"line":6,"column":25}},{"start":{"line":6,"column":12},"end":{"line":6,"column":null}}]},"1":{"loc":{"start":{"line":25,"column":8},"end":{"line":25,"column":10}},"type":"default-arg","locations":[{"start":{"line":25,"column":8},"end":{"line":25,"column":10}}]},"2":{"loc":{"start":{"line":20,"column":24},"end":{"line":20,"column":41}},"type":"default-arg","locations":[{"start":{"line":20,"column":24},"end":{"line":20,"column":41}}]},"3":{"loc":{"start":{"line":21,"column":25},"end":{"line":21,"column":27}},"type":"default-arg","locations":[{"start":{"line":21,"column":25},"end":{"line":21,"column":27}}]},"4":{"loc":{"start":{"line":36,"column":8},"end":{"line":42,"column":null}},"type":"if","locations":[{"start":{"line":36,"column":8},"end":{"line":42,"column":null}},{"start":{"line":36,"column":8},"end":{"line":42,"column":null}}]}},"s":{"0":1,"1":1,"2":1,"3":2,"4":2,"5":0,"6":0,"7":0,"8":0,"9":0,"10":0,"11":1},"f":{"0":1,"1":2,"2":0,"3":0,"4":0,"5":0},"b":{"0":[1,1],"1":[2],"2":[2],"3":[2],"4":[0,0]}}
,"/home/liuxu/myProjects/sengokuRPG-core/src/Condition/ConditionItem.ts": {"path":"/home/liuxu/myProjects/sengokuRPG-core/src/Condition/ConditionItem.ts","statementMap":{"0":{"start":{"line":7,"column":8},"end":{"line":7,"column":43}},"1":{"start":{"line":12,"column":8},"end":{"line":12,"column":34}},"2":{"start":{"line":4,"column":0},"end":{"line":4,"column":13}}},"fnMap":{"0":{"name":"(anonymous_0)","decl":{"start":{"line":6,"column":4},"end":{"line":6,"column":16}},"loc":{"start":{"line":6,"column":74},"end":{"line":8,"column":5}}},"1":{"name":"(anonymous_1)","decl":{"start":{"line":11,"column":4},"end":{"line":11,"column":8}},"loc":{"start":{"line":11,"column":19},"end":{"line":13,"column":5}}}},"branchMap":{"0":{"loc":{"start":{"line":6,"column":72},"end":{"line":6,"column":74}},"type":"default-arg","locations":[{"start":{"line":6,"column":72},"end":{"line":6,"column":74}}]},"1":{"loc":{"start":{"line":6,"column":34},"end":{"line":6,"column":38}},"type":"default-arg","locations":[{"start":{"line":6,"column":34},"end":{"line":6,"column":38}}]}},"s":{"0":0,"1":0,"2":1},"f":{"0":0,"1":0},"b":{"0":[0],"1":[0]}}
,"/home/liuxu/myProjects/sengokuRPG-core/src/Condition/index.ts": {"path":"/home/liuxu/myProjects/sengokuRPG-core/src/Condition/index.ts","statementMap":{"0":{"start":{"line":1,"column":0},"end":{"line":1,"column":9}},"1":{"start":{"line":4,"column":9},"end":{"line":1,"column":40}},"2":{"start":{"line":2,"column":0},"end":{"line":2,"column":9}},"3":{"start":{"line":4,"column":20},"end":{"line":2,"column":48}}},"fnMap":{},"branchMap":{},"s":{"0":1,"1":1,"2":1,"3":1},"f":{},"b":{}}
,"/home/liuxu/myProjects/sengokuRPG-core/src/Item/EquipmentCenter.ts": {"path":"/home/liuxu/myProjects/sengokuRPG-core/src/Item/EquipmentCenter.ts","statementMap":{"0":{"start":{"line":1,"column":0},"end":{"line":1,"column":48}},"1":{"start":{"line":2,"column":0},"end":{"line":2,"column":48}},"2":{"start":{"line":4,"column":0},"end":{"line":4,"column":41}},"3":{"start":{"line":18,"column":8},"end":{"line":18,"column":42}},"4":{"start":{"line":19,"column":8},"end":{"line":19,"column":84}},"5":{"start":{"line":20,"column":8},"end":{"line":20,"column":29}},"6":{"start":{"line":28,"column":8},"end":{"line":28,"column":40}},"7":{"start":{"line":36,"column":8},"end":{"line":39,"column":null}},"8":{"start":{"line":37,"column":12},"end":{"line":37,"column":61}},"9":{"start":{"line":38,"column":12},"end":{"line":38,"column":81}},"10":{"start":{"line":43,"column":8},"end":{"line":46,"column":null}},"11":{"start":{"line":44,"column":34},"end":{"line":44,"column":75}},"12":{"start":{"line":45,"column":12},"end":{"line":45,"column":45}},"13":{"start":{"line":50,"column":8},"end":{"line":61,"column":11}},"14":{"start":{"line":51,"column":63},"end":{"line":51,"column":65}},"15":{"start":{"line":52,"column":12},"end":{"line":54,"column":null}},"16":{"start":{"line":53,"column":16},"end":{"line":53,"column":106}},"17":{"start":{"line":55,"column":12},"end":{"line":60,"column":14}},"18":{"start":{"line":68,"column":8},"end":{"line":79,"column":null}},"19":{"start":{"line":70,"column":12},"end":{"line":70,"column":47}},"20":{"start":{"line":73,"column":23},"end":{"line":73,"column":35}},"21":{"start":{"line":74,"column":47},"end":{"line":74,"column":86}},"22":{"start":{"line":75,"column":12},"end":{"line":77,"column":null}},"23":{"start":{"line":76,"column":16},"end":{"line":76,"column":51}},"24":{"start":{"line":78,"column":12},"end":{"line":78,"column":64}},"25":{"start":{"line":80,"column":24},"end":{"line":80,"column":114}},"26":{"start":{"line":81,"column":31},"end":{"line":82,"column":null}},"27":{"start":{"line":84,"column":70},"end":{"line":84,"column":72}},"28":{"start":{"line":85,"column":8},"end":{"line":96,"column":null}},"29":{"start":{"line":86,"column":33},"end":{"line":86,"column":102}},"30":{"start":{"line":88,"column":12},"end":{"line":94,"column":null}},"31":{"start":{"line":90,"column":16},"end":{"line":90,"column":70}},"32":{"start":{"line":93,"column":16},"end":{"line":93,"column":81}},"33":{"start":{"line":95,"column":12},"end":{"line":95,"column":81}},"34":{"start":{"line":97,"column":8},"end":{"line":97,"column":99}},"35":{"start":{"line":12,"column":0},"end":{"line":12,"column":13}}},"fnMap":{"0":{"name":"(anonymous_0)","decl":{"start":{"line":17,"column":4},"end":{"line":17,"column":null}},"loc":{"start":{"line":17,"column":4},"end":{"line":21,"column":5}}},"1":{"name":"(anonymous_1)","decl":{"start":{"line":27,"column":4},"end":{"line":27,"column":16}},"loc":{"start":{"line":27,"column":41},"end":{"line":29,"column":5}}},"2":{"name":"(anonymous_2)","decl":{"start":{"line":35,"column":4},"end":{"line":35,"column":21}},"loc":{"start":{"line":35,"column":63},"end":{"line":40,"column":5}}},"3":{"name":"(anonymous_3)","decl":{"start":{"line":42,"column":4},"end":{"line":42,"column":12}},"loc":{"start":{"line":42,"column":43},"end":{"line":47,"column":5}}},"4":{"name":"(anonymous_4)","decl":{"start":{"line":49,"column":4},"end":{"line":49,"column":16}},"loc":{"start":{"line":49,"column":16},"end":{"line":62,"column":5}}},"5":{"name":"(anonymous_5)","decl":{"start":{"line":50,"column":35},"end":{"line":50,"column":36}},"loc":{"start":{"line":50,"column":53},"end":{"line":61,"column":9}}},"6":{"name":"(anonymous_6)","decl":{"start":{"line":66,"column":4},"end":{"line":66,"column":21}},"loc":{"start":{"line":66,"column":71},"end":{"line":98,"column":5}}}},"branchMap":{"0":{"loc":{"start":{"line":59,"column":46},"end":{"line":59,"column":48}},"type":"cond-expr","locations":[{"start":{"line":59,"column":46},"end":{"line":59,"column":48}},{"start":{"line":59,"column":46},"end":{"line":59,"column":50}}]},"1":{"loc":{"start":{"line":59,"column":24},"end":{"line":59,"column":48}},"type":"binary-expr","locations":[{"start":{"line":59,"column":24},"end":{"line":59,"column":48}},{"start":{"line":59,"column":46},"end":{"line":59,"column":48}}]},"2":{"loc":{"start":{"line":68,"column":8},"end":{"line":79,"column":null}},"type":"if","locations":[{"start":{"line":68,"column":8},"end":{"line":79,"column":null}},{"start":{"line":68,"column":8},"end":{"line":79,"column":null}}]},"3":{"loc":{"start":{"line":75,"column":12},"end":{"line":77,"column":null}},"type":"if","locations":[{"start":{"line":75,"column":12},"end":{"line":77,"column":null}},{"start":{"line":75,"column":12},"end":{"line":77,"column":null}}]},"4":{"loc":{"start":{"line":88,"column":12},"end":{"line":94,"column":null}},"type":"if","locations":[{"start":{"line":88,"column":12},"end":{"line":94,"column":null}},{"start":{"line":88,"column":12},"end":{"line":94,"column":null}}]}},"s":{"0":4,"1":4,"2":4,"3":1,"4":1,"5":1,"6":0,"7":0,"8":0,"9":0,"10":0,"11":0,"12":0,"13":0,"14":0,"15":0,"16":0,"17":0,"18":0,"19":0,"20":0,"21":0,"22":0,"23":0,"24":0,"25":0,"26":0,"27":0,"28":0,"29":0,"30":0,"31":0,"32":0,"33":0,"34":0,"35":4},"f":{"0":1,"1":0,"2":0,"3":0,"4":0,"5":0,"6":0},"b":{"0":[0,0],"1":[0,0],"2":[0,0],"3":[0,0],"4":[0,0]}}
,"/home/liuxu/myProjects/sengokuRPG-core/src/Item/EquipmentType.ts": {"path":"/home/liuxu/myProjects/sengokuRPG-core/src/Item/EquipmentType.ts","statementMap":{"0":{"start":{"line":4,"column":0},"end":{"line":4,"column":null}},"1":{"start":{"line":5,"column":4},"end":{"line":5,"column":null}},"2":{"start":{"line":6,"column":4},"end":{"line":6,"column":null}},"3":{"start":{"line":7,"column":4},"end":{"line":7,"column":null}},"4":{"start":{"line":8,"column":4},"end":{"line":8,"column":null}},"5":{"start":{"line":9,"column":4},"end":{"line":9,"column":null}},"6":{"start":{"line":10,"column":4},"end":{"line":10,"column":null}},"7":{"start":{"line":11,"column":4},"end":{"line":11,"column":null}}},"fnMap":{"0":{"name":"(anonymous_0)","decl":{"start":{"line":4,"column":0},"end":{"line":4,"column":12}},"loc":{"start":{"line":4,"column":25},"end":{"line":12,"column":1}}}},"branchMap":{"0":{"loc":{"start":{"line":4,"column":12},"end":{"line":4,"column":25}},"type":"binary-expr","locations":[{"start":{"line":4,"column":12},"end":{"line":4,"column":25}},{"start":{"line":4,"column":12},"end":{"line":4,"column":null}}]}},"s":{"0":4,"1":4,"2":4,"3":4,"4":4,"5":4,"6":4,"7":4},"f":{"0":4},"b":{"0":[4,4]}}
,"/home/liuxu/myProjects/sengokuRPG-core/src/Item/ItemBase.ts": {"path":"/home/liuxu/myProjects/sengokuRPG-core/src/Item/ItemBase.ts","statementMap":{"0":{"start":{"line":1,"column":0},"end":{"line":1,"column":38}},"1":{"start":{"line":2,"column":0},"end":{"line":2,"column":41}},"2":{"start":{"line":32,"column":8},"end":{"line":32,"column":39}},"3":{"start":{"line":33,"column":8},"end":{"line":33,"column":25}},"4":{"start":{"line":34,"column":8},"end":{"line":34,"column":21}},"5":{"start":{"line":35,"column":8},"end":{"line":35,"column":25}},"6":{"start":{"line":36,"column":8},"end":{"line":36,"column":39}},"7":{"start":{"line":37,"column":8},"end":{"line":37,"column":29}},"8":{"start":{"line":38,"column":8},"end":{"line":38,"column":27}},"9":{"start":{"line":8,"column":0},"end":{"line":8,"column":22}}},"fnMap":{"0":{"name":"(anonymous_0)","decl":{"start":{"line":24,"column":4},"end":{"line":24,"column":16}},"loc":{"start":{"line":31,"column":115},"end":{"line":39,"column":5}}}},"branchMap":{"0":{"loc":{"start":{"line":31,"column":113},"end":{"line":31,"column":115}},"type":"default-arg","locations":[{"start":{"line":31,"column":113},"end":{"line":31,"column":115}}]},"1":{"loc":{"start":{"line":25,"column":13},"end":{"line":25,"column":24}},"type":"default-arg","locations":[{"start":{"line":25,"column":13},"end":{"line":25,"column":24}}]},"2":{"loc":{"start":{"line":26,"column":15},"end":{"line":26,"column":22}},"type":"default-arg","locations":[{"start":{"line":26,"column":15},"end":{"line":26,"column":22}}]},"3":{"loc":{"start":{"line":27,"column":22},"end":{"line":27,"column":27}},"type":"default-arg","locations":[{"start":{"line":27,"column":22},"end":{"line":27,"column":27}}]},"4":{"loc":{"start":{"line":28,"column":15},"end":{"line":28,"column":30}},"type":"default-arg","locations":[{"start":{"line":28,"column":15},"end":{"line":28,"column":30}}]},"5":{"loc":{"start":{"line":29,"column":17},"end":{"line":29,"column":30}},"type":"default-arg","locations":[{"start":{"line":29,"column":17},"end":{"line":29,"column":30}}]},"6":{"loc":{"start":{"line":30,"column":16},"end":{"line":30,"column":17}},"type":"default-arg","locations":[{"start":{"line":30,"column":16},"end":{"line":30,"column":17}}]}},"s":{"0":4,"1":4,"2":8,"3":8,"4":8,"5":8,"6":8,"7":8,"8":8,"9":4},"f":{"0":8},"b":{"0":[0],"1":[0],"2":[0],"3":[0],"4":[0],"5":[2],"6":[0]}}
,"/home/liuxu/myProjects/sengokuRPG-core/src/Item/ItemCenter.ts": {"path":"/home/liuxu/myProjects/sengokuRPG-core/src/Item/ItemCenter.ts","statementMap":{"0":{"start":{"line":3,"column":0},"end":{"line":3,"column":52}},"1":{"start":{"line":19,"column":8},"end":{"line":19,"column":24}},"2":{"start":{"line":20,"column":8},"end":{"line":20,"column":53}},"3":{"start":{"line":28,"column":8},"end":{"line":43,"column":null}},"4":{"start":{"line":30,"column":30},"end":{"line":32,"column":14}},"5":{"start":{"line":31,"column":16},"end":{"line":31,"column":47}},"6":{"start":{"line":33,"column":12},"end":{"line":39,"column":null}},"7":{"start":{"line":35,"column":16},"end":{"line":35,"column":46}},"8":{"start":{"line":38,"column":16},"end":{"line":38,"column":38}},"9":{"start":{"line":42,"column":12},"end":{"line":42,"column":34}},"10":{"start":{"line":51,"column":8},"end":{"line":51,"column":25}},"11":{"start":{"line":55,"column":8},"end":{"line":55,"column":59}},"12":{"start":{"line":59,"column":8},"end":{"line":62,"column":10}},"13":{"start":{"line":9,"column":0},"end":{"line":9,"column":13}}},"fnMap":{"0":{"name":"(anonymous_0)","decl":{"start":{"line":18,"column":4},"end":{"line":18,"column":null}},"loc":{"start":{"line":18,"column":4},"end":{"line":21,"column":5}}},"1":{"name":"(anonymous_1)","decl":{"start":{"line":27,"column":4},"end":{"line":27,"column":11}},"loc":{"start":{"line":27,"column":26},"end":{"line":44,"column":5}}},"2":{"name":"(anonymous_2)","decl":{"start":{"line":30,"column":46},"end":{"line":30,"column":47}},"loc":{"start":{"line":30,"column":59},"end":{"line":32,"column":13}}},"3":{"name":"(anonymous_3)","decl":{"start":{"line":50,"column":4},"end":{"line":50,"column":11}},"loc":{"start":{"line":50,"column":22},"end":{"line":52,"column":5}}},"4":{"name":"(anonymous_4)","decl":{"start":{"line":54,"column":4},"end":{"line":54,"column":12}},"loc":{"start":{"line":54,"column":35},"end":{"line":56,"column":5}}},"5":{"name":"(anonymous_5)","decl":{"start":{"line":58,"column":4},"end":{"line":58,"column":16}},"loc":{"start":{"line":58,"column":16},"end":{"line":63,"column":5}}}},"branchMap":{"0":{"loc":{"start":{"line":28,"column":8},"end":{"line":43,"column":null}},"type":"if","locations":[{"start":{"line":28,"column":8},"end":{"line":43,"column":null}},{"start":{"line":28,"column":8},"end":{"line":43,"column":null}}]},"1":{"loc":{"start":{"line":33,"column":12},"end":{"line":39,"column":null}},"type":"if","locations":[{"start":{"line":33,"column":12},"end":{"line":39,"column":null}},{"start":{"line":33,"column":12},"end":{"line":39,"column":null}}]}},"s":{"0":4,"1":1,"2":1,"3":4,"4":3,"5":2,"6":3,"7":1,"8":2,"9":1,"10":0,"11":0,"12":0,"13":4},"f":{"0":1,"1":4,"2":2,"3":0,"4":0,"5":0},"b":{"0":[3,1],"1":[1,2]}}
,"/home/liuxu/myProjects/sengokuRPG-core/src/Item/ItemEquipment.ts": {"path":"/home/liuxu/myProjects/sengokuRPG-core/src/Item/ItemEquipment.ts","statementMap":{"0":{"start":{"line":1,"column":0},"end":{"line":1,"column":38}},"1":{"start":{"line":2,"column":0},"end":{"line":2,"column":38}},"2":{"start":{"line":67,"column":8},"end":{"line":67,"column":56}},"3":{"start":{"line":68,"column":8},"end":{"line":68,"column":44}},"4":{"start":{"line":69,"column":8},"end":{"line":69,"column":39}},"5":{"start":{"line":70,"column":8},"end":{"line":70,"column":27}},"6":{"start":{"line":71,"column":8},"end":{"line":71,"column":43}},"7":{"start":{"line":72,"column":8},"end":{"line":72,"column":29}},"8":{"start":{"line":73,"column":8},"end":{"line":73,"column":37}},"9":{"start":{"line":22,"column":8},"end":{"line":24,"column":49}},"10":{"start":{"line":23,"column":35},"end":{"line":23,"column":72}},"11":{"start":{"line":24,"column":36},"end":{"line":24,"column":47}},"12":{"start":{"line":78,"column":8},"end":{"line":78,"column":29}},"13":{"start":{"line":11,"column":0},"end":{"line":11,"column":13}}},"fnMap":{"0":{"name":"(anonymous_0)","decl":{"start":{"line":50,"column":4},"end":{"line":50,"column":16}},"loc":{"start":{"line":66,"column":5},"end":{"line":74,"column":5}}},"1":{"name":"(anonymous_1)","decl":{"start":{"line":21,"column":4},"end":{"line":21,"column":8}},"loc":{"start":{"line":21,"column":13},"end":{"line":25,"column":5}}},"2":{"name":"(anonymous_2)","decl":{"start":{"line":23,"column":17},"end":{"line":23,"column":18}},"loc":{"start":{"line":23,"column":35},"end":{"line":23,"column":72}}},"3":{"name":"(anonymous_3)","decl":{"start":{"line":24,"column":20},"end":{"line":24,"column":21}},"loc":{"start":{"line":24,"column":36},"end":{"line":24,"column":47}}},"4":{"name":"(anonymous_4)","decl":{"start":{"line":77,"column":4},"end":{"line":77,"column":13}},"loc":{"start":{"line":77,"column":37},"end":{"line":79,"column":5}}}},"branchMap":{},"s":{"0":4,"1":4,"2":0,"3":0,"4":0,"5":0,"6":0,"7":0,"8":0,"9":0,"10":0,"11":0,"12":0,"13":4},"f":{"0":0,"1":0,"2":0,"3":0,"4":0},"b":{}}
,"/home/liuxu/myProjects/sengokuRPG-core/src/Item/ItemMaterial.ts": {"path":"/home/liuxu/myProjects/sengokuRPG-core/src/Item/ItemMaterial.ts","statementMap":{"0":{"start":{"line":1,"column":0},"end":{"line":1,"column":38}},"1":{"start":{"line":2,"column":0},"end":{"line":2,"column":38}},"2":{"start":{"line":15,"column":8},"end":{"line":15,"column":87}},"3":{"start":{"line":8,"column":0},"end":{"line":8,"column":13}}},"fnMap":{"0":{"name":"(anonymous_0)","decl":{"start":{"line":9,"column":4},"end":{"line":9,"column":16}},"loc":{"start":{"line":14,"column":75},"end":{"line":16,"column":5}}}},"branchMap":{"0":{"loc":{"start":{"line":14,"column":73},"end":{"line":14,"column":75}},"type":"default-arg","locations":[{"start":{"line":14,"column":73},"end":{"line":14,"column":75}}]},"1":{"loc":{"start":{"line":10,"column":13},"end":{"line":10,"column":28}},"type":"default-arg","locations":[{"start":{"line":10,"column":13},"end":{"line":10,"column":28}}]},"2":{"loc":{"start":{"line":11,"column":15},"end":{"line":11,"column":22}},"type":"default-arg","locations":[{"start":{"line":11,"column":15},"end":{"line":11,"column":22}}]},"3":{"loc":{"start":{"line":12,"column":16},"end":{"line":12,"column":17}},"type":"default-arg","locations":[{"start":{"line":12,"column":16},"end":{"line":12,"column":17}}]}},"s":{"0":4,"1":4,"2":2,"3":4},"f":{"0":2},"b":{"0":[1],"1":[1],"2":[1],"3":[1]}}
,"/home/liuxu/myProjects/sengokuRPG-core/src/Item/ItemSystem.ts": {"path":"/home/liuxu/myProjects/sengokuRPG-core/src/Item/ItemSystem.ts","statementMap":{"0":{"start":{"line":1,"column":0},"end":{"line":1,"column":38}},"1":{"start":{"line":2,"column":0},"end":{"line":2,"column":38}},"2":{"start":{"line":16,"column":8},"end":{"line":16,"column":79}},"3":{"start":{"line":8,"column":0},"end":{"line":8,"column":13}}},"fnMap":{"0":{"name":"(anonymous_0)","decl":{"start":{"line":9,"column":4},"end":{"line":9,"column":16}},"loc":{"start":{"line":15,"column":98},"end":{"line":17,"column":5}}}},"branchMap":{"0":{"loc":{"start":{"line":15,"column":96},"end":{"line":15,"column":98}},"type":"default-arg","locations":[{"start":{"line":15,"column":96},"end":{"line":15,"column":98}}]},"1":{"loc":{"start":{"line":10,"column":13},"end":{"line":10,"column":30}},"type":"default-arg","locations":[{"start":{"line":10,"column":13},"end":{"line":10,"column":30}}]},"2":{"loc":{"start":{"line":11,"column":15},"end":{"line":11,"column":24}},"type":"default-arg","locations":[{"start":{"line":11,"column":15},"end":{"line":11,"column":24}}]},"3":{"loc":{"start":{"line":12,"column":16},"end":{"line":12,"column":17}},"type":"default-arg","locations":[{"start":{"line":12,"column":16},"end":{"line":12,"column":17}}]},"4":{"loc":{"start":{"line":13,"column":22},"end":{"line":13,"column":26}},"type":"default-arg","locations":[{"start":{"line":13,"column":22},"end":{"line":13,"column":26}}]}},"s":{"0":4,"1":4,"2":6,"3":4},"f":{"0":6},"b":{"0":[1],"1":[1],"2":[1],"3":[3],"4":[4]}}
,"/home/liuxu/myProjects/sengokuRPG-core/src/Item/ItemType.ts": {"path":"/home/liuxu/myProjects/sengokuRPG-core/src/Item/ItemType.ts","statementMap":{"0":{"start":{"line":1,"column":0},"end":{"line":1,"column":null}},"1":{"start":{"line":2,"column":4},"end":{"line":2,"column":null}},"2":{"start":{"line":3,"column":4},"end":{"line":3,"column":null}},"3":{"start":{"line":4,"column":4},"end":{"line":4,"column":null}},"4":{"start":{"line":5,"column":4},"end":{"line":5,"column":null}},"5":{"start":{"line":6,"column":4},"end":{"line":6,"column":null}}},"fnMap":{"0":{"name":"(anonymous_0)","decl":{"start":{"line":1,"column":0},"end":{"line":1,"column":12}},"loc":{"start":{"line":1,"column":20},"end":{"line":7,"column":1}}}},"branchMap":{"0":{"loc":{"start":{"line":1,"column":12},"end":{"line":1,"column":20}},"type":"binary-expr","locations":[{"start":{"line":1,"column":12},"end":{"line":1,"column":20}},{"start":{"line":1,"column":12},"end":{"line":1,"column":null}}]}},"s":{"0":4,"1":4,"2":4,"3":4,"4":4,"5":4},"f":{"0":4},"b":{"0":[4,4]}}
,"/home/liuxu/myProjects/sengokuRPG-core/src/Item/index.ts": {"path":"/home/liuxu/myProjects/sengokuRPG-core/src/Item/index.ts","statementMap":{"0":{"start":{"line":1,"column":0},"end":{"line":1,"column":9}},"1":{"start":{"line":13,"column":4},"end":{"line":1,"column":38}},"2":{"start":{"line":2,"column":0},"end":{"line":2,"column":9}},"3":{"start":{"line":14,"column":4},"end":{"line":2,"column":38}},"4":{"start":{"line":4,"column":0},"end":{"line":4,"column":9}},"5":{"start":{"line":16,"column":4},"end":{"line":4,"column":48}},"6":{"start":{"line":5,"column":0},"end":{"line":5,"column":9}},"7":{"start":{"line":17,"column":4},"end":{"line":5,"column":46}},"8":{"start":{"line":6,"column":0},"end":{"line":6,"column":9}},"9":{"start":{"line":19,"column":4},"end":{"line":6,"column":48}},"10":{"start":{"line":7,"column":0},"end":{"line":7,"column":9}},"11":{"start":{"line":18,"column":4},"end":{"line":7,"column":42}},"12":{"start":{"line":8,"column":0},"end":{"line":8,"column":9}},"13":{"start":{"line":12,"column":4},"end":{"line":8,"column":42}}},"fnMap":{},"branchMap":{},"s":{"0":4,"1":4,"2":4,"3":4,"4":4,"5":4,"6":4,"7":4,"8":4,"9":4,"10":4,"11":4,"12":4,"13":4},"f":{},"b":{}}
,"/home/liuxu/myProjects/sengokuRPG-core/src/Task/Task.ts": {"path":"/home/liuxu/myProjects/sengokuRPG-core/src/Task/Task.ts","statementMap":{"0":{"start":{"line":1,"column":0},"end":{"line":1,"column":42}},"1":{"start":{"line":2,"column":0},"end":{"line":2,"column":40}},"2":{"start":{"line":34,"column":8},"end":{"line":34,"column":21}},"3":{"start":{"line":35,"column":8},"end":{"line":35,"column":37}},"4":{"start":{"line":36,"column":8},"end":{"line":36,"column":39}},"5":{"start":{"line":37,"column":8},"end":{"line":37,"column":29}},"6":{"start":{"line":38,"column":8},"end":{"line":38,"column":41}},"7":{"start":{"line":39,"column":8},"end":{"line":39,"column":55}},"8":{"start":{"line":5,"column":0},"end":{"line":5,"column":13}}},"fnMap":{"0":{"name":"(anonymous_0)","decl":{"start":{"line":21,"column":4},"end":{"line":21,"column":16}},"loc":{"start":{"line":33,"column":5},"end":{"line":40,"column":5}}}},"branchMap":{"0":{"loc":{"start":{"line":23,"column":21},"end":{"line":23,"column":43}},"type":"default-arg","locations":[{"start":{"line":23,"column":21},"end":{"line":23,"column":43}}]},"1":{"loc":{"start":{"line":24,"column":22},"end":{"line":24,"column":28}},"type":"default-arg","locations":[{"start":{"line":24,"column":22},"end":{"line":24,"column":28}}]},"2":{"loc":{"start":{"line":25,"column":17},"end":{"line":25,"column":32}},"type":"default-arg","locations":[{"start":{"line":25,"column":17},"end":{"line":25,"column":32}}]},"3":{"loc":{"start":{"line":26,"column":23},"end":{"line":26,"column":38}},"type":"default-arg","locations":[{"start":{"line":26,"column":23},"end":{"line":26,"column":38}}]}},"s":{"0":1,"1":1,"2":1,"3":1,"4":1,"5":1,"6":1,"7":1,"8":1},"f":{"0":1},"b":{"0":[1],"1":[0],"2":[1],"3":[0]}}
,"/home/liuxu/myProjects/sengokuRPG-core/src/Task/TaskStatus.ts": {"path":"/home/liuxu/myProjects/sengokuRPG-core/src/Task/TaskStatus.ts","statementMap":{"0":{"start":{"line":2,"column":0},"end":{"line":2,"column":null}},"1":{"start":{"line":3,"column":4},"end":{"line":3,"column":null}},"2":{"start":{"line":4,"column":4},"end":{"line":4,"column":null}},"3":{"start":{"line":5,"column":4},"end":{"line":5,"column":null}},"4":{"start":{"line":6,"column":4},"end":{"line":6,"column":null}},"5":{"start":{"line":7,"column":4},"end":{"line":7,"column":null}},"6":{"start":{"line":8,"column":4},"end":{"line":8,"column":null}}},"fnMap":{"0":{"name":"(anonymous_0)","decl":{"start":{"line":2,"column":0},"end":{"line":2,"column":12}},"loc":{"start":{"line":2,"column":22},"end":{"line":9,"column":1}}}},"branchMap":{"0":{"loc":{"start":{"line":2,"column":12},"end":{"line":2,"column":22}},"type":"binary-expr","locations":[{"start":{"line":2,"column":12},"end":{"line":2,"column":22}},{"start":{"line":2,"column":12},"end":{"line":2,"column":null}}]}},"s":{"0":1,"1":1,"2":1,"3":1,"4":1,"5":1,"6":1},"f":{"0":1},"b":{"0":[1,1]}}
}
