{"/home/liuxu/myProjects/sengokuRPG-core/src/Backpack/Backpack.ts": {"path":"/home/liuxu/myProjects/sengokuRPG-core/src/Backpack/Backpack.ts","statementMap":{"0":{"start":{"line":8,"column":8},"end":{"line":8,"column":24}},"1":{"start":{"line":12,"column":8},"end":{"line":27,"column":null}},"2":{"start":{"line":14,"column":30},"end":{"line":16,"column":14}},"3":{"start":{"line":15,"column":16},"end":{"line":15,"column":47}},"4":{"start":{"line":17,"column":12},"end":{"line":23,"column":null}},"5":{"start":{"line":19,"column":16},"end":{"line":19,"column":46}},"6":{"start":{"line":22,"column":16},"end":{"line":22,"column":38}},"7":{"start":{"line":26,"column":12},"end":{"line":26,"column":34}},"8":{"start":{"line":3,"column":0},"end":{"line":3,"column":13}}},"fnMap":{"0":{"name":"(anonymous_0)","decl":{"start":{"line":7,"column":4},"end":{"line":7,"column":null}},"loc":{"start":{"line":7,"column":4},"end":{"line":9,"column":5}}},"1":{"name":"(anonymous_1)","decl":{"start":{"line":11,"column":4},"end":{"line":11,"column":11}},"loc":{"start":{"line":11,"column":26},"end":{"line":28,"column":5}}},"2":{"name":"(anonymous_2)","decl":{"start":{"line":14,"column":46},"end":{"line":14,"column":47}},"loc":{"start":{"line":14,"column":59},"end":{"line":16,"column":13}}}},"branchMap":{"0":{"loc":{"start":{"line":12,"column":8},"end":{"line":27,"column":null}},"type":"if","locations":[{"start":{"line":12,"column":8},"end":{"line":27,"column":null}},{"start":{"line":12,"column":8},"end":{"line":27,"column":null}}]},"1":{"loc":{"start":{"line":17,"column":12},"end":{"line":23,"column":null}},"type":"if","locations":[{"start":{"line":17,"column":12},"end":{"line":23,"column":null}},{"start":{"line":17,"column":12},"end":{"line":23,"column":null}}]}},"s":{"0":1,"1":4,"2":3,"3":2,"4":3,"5":1,"6":2,"7":1,"8":1},"f":{"0":1,"1":4,"2":2},"b":{"0":[3,1],"1":[1,2]}}
,"/home/liuxu/myProjects/sengokuRPG-core/src/Character/CharacterConfiguration.ts": {"path":"/home/liuxu/myProjects/sengokuRPG-core/src/Character/CharacterConfiguration.ts","statementMap":{"0":{"start":{"line":19,"column":8},"end":{"line":19,"column":21}},"1":{"start":{"line":20,"column":8},"end":{"line":20,"column":25}},"2":{"start":{"line":21,"column":8},"end":{"line":21,"column":37}},"3":{"start":{"line":6,"column":0},"end":{"line":6,"column":13}}},"fnMap":{"0":{"name":"(anonymous_0)","decl":{"start":{"line":10,"column":4},"end":{"line":10,"column":16}},"loc":{"start":{"line":18,"column":10},"end":{"line":22,"column":5}}}},"branchMap":{"0":{"loc":{"start":{"line":18,"column":8},"end":{"line":18,"column":10}},"type":"default-arg","locations":[{"start":{"line":18,"column":8},"end":{"line":18,"column":10}}]},"1":{"loc":{"start":{"line":11,"column":13},"end":{"line":11,"column":15}},"type":"default-arg","locations":[{"start":{"line":11,"column":13},"end":{"line":11,"column":15}}]},"2":{"loc":{"start":{"line":12,"column":15},"end":{"line":12,"column":22}},"type":"default-arg","locations":[{"start":{"line":12,"column":15},"end":{"line":12,"column":22}}]},"3":{"loc":{"start":{"line":13,"column":21},"end":{"line":13,"column":23}},"type":"default-arg","locations":[{"start":{"line":13,"column":21},"end":{"line":13,"column":23}}]}},"s":{"0":12,"1":12,"2":12,"3":4},"f":{"0":12},"b":{"0":[4],"1":[5],"2":[5],"3":[5]}}
,"/home/liuxu/myProjects/sengokuRPG-core/src/Character/CharacterNormal.ts": {"path":"/home/liuxu/myProjects/sengokuRPG-core/src/Character/CharacterNormal.ts","statementMap":{"0":{"start":{"line":1,"column":0},"end":{"line":1,"column":66}},"1":{"start":{"line":2,"column":0},"end":{"line":2,"column":68}},"2":{"start":{"line":16,"column":8},"end":{"line":16,"column":25}},"3":{"start":{"line":17,"column":8},"end":{"line":17,"column":46}},"4":{"start":{"line":18,"column":8},"end":{"line":18,"column":29}},"5":{"start":{"line":19,"column":8},"end":{"line":22,"column":null}},"6":{"start":{"line":20,"column":33},"end":{"line":20,"column":67}},"7":{"start":{"line":21,"column":12},"end":{"line":21,"column":117}},"8":{"start":{"line":23,"column":8},"end":{"line":23,"column":27}},"9":{"start":{"line":8,"column":0},"end":{"line":8,"column":13}}},"fnMap":{"0":{"name":"(anonymous_0)","decl":{"start":{"line":12,"column":4},"end":{"line":12,"column":16}},"loc":{"start":{"line":15,"column":66},"end":{"line":24,"column":5}}}},"branchMap":{"0":{"loc":{"start":{"line":15,"column":64},"end":{"line":15,"column":66}},"type":"default-arg","locations":[{"start":{"line":15,"column":64},"end":{"line":15,"column":66}}]},"1":{"loc":{"start":{"line":13,"column":20},"end":{"line":13,"column":48}},"type":"default-arg","locations":[{"start":{"line":13,"column":20},"end":{"line":13,"column":48}}]},"2":{"loc":{"start":{"line":14,"column":16},"end":{"line":14,"column":17}},"type":"default-arg","locations":[{"start":{"line":14,"column":16},"end":{"line":14,"column":17}}]}},"s":{"0":3,"1":3,"2":5,"3":5,"4":5,"5":5,"6":1,"7":1,"8":5,"9":3},"f":{"0":5},"b":{"0":[2],"1":[4],"2":[3]}}
,"/home/liuxu/myProjects/sengokuRPG-core/src/Character/CharacterPropertyConfiguration.ts": {"path":"/home/liuxu/myProjects/sengokuRPG-core/src/Character/CharacterPropertyConfiguration.ts","statementMap":{"0":{"start":{"line":8,"column":8},"end":{"line":8,"column":35}},"1":{"start":{"line":9,"column":8},"end":{"line":9,"column":43}},"2":{"start":{"line":4,"column":0},"end":{"line":4,"column":13}}},"fnMap":{"0":{"name":"(anonymous_0)","decl":{"start":{"line":7,"column":4},"end":{"line":7,"column":16}},"loc":{"start":{"line":7,"column":106},"end":{"line":10,"column":5}}}},"branchMap":{"0":{"loc":{"start":{"line":7,"column":104},"end":{"line":7,"column":106}},"type":"default-arg","locations":[{"start":{"line":7,"column":104},"end":{"line":7,"column":106}}]},"1":{"loc":{"start":{"line":7,"column":30},"end":{"line":7,"column":32}},"type":"default-arg","locations":[{"start":{"line":7,"column":30},"end":{"line":7,"column":32}}]},"2":{"loc":{"start":{"line":7,"column":50},"end":{"line":7,"column":51}},"type":"default-arg","locations":[{"start":{"line":7,"column":50},"end":{"line":7,"column":51}}]}},"s":{"0":9,"1":9,"2":5},"f":{"0":9},"b":{"0":[3],"1":[5],"2":[5]}}
,"/home/liuxu/myProjects/sengokuRPG-core/src/Character/CharacterPropertyNormal.ts": {"path":"/home/liuxu/myProjects/sengokuRPG-core/src/Character/CharacterPropertyNormal.ts","statementMap":{"0":{"start":{"line":1,"column":0},"end":{"line":1,"column":82}},"1":{"start":{"line":9,"column":8},"end":{"line":9,"column":16}},"2":{"start":{"line":10,"column":8},"end":{"line":10,"column":35}},"3":{"start":{"line":11,"column":8},"end":{"line":11,"column":44}},"4":{"start":{"line":12,"column":8},"end":{"line":12,"column":52}},"5":{"start":{"line":19,"column":8},"end":{"line":21,"column":null}},"6":{"start":{"line":20,"column":12},"end":{"line":20,"column":45}},"7":{"start":{"line":22,"column":8},"end":{"line":22,"column":80}},"8":{"start":{"line":6,"column":0},"end":{"line":6,"column":13}}},"fnMap":{"0":{"name":"(anonymous_0)","decl":{"start":{"line":8,"column":4},"end":{"line":8,"column":16}},"loc":{"start":{"line":8,"column":113},"end":{"line":13,"column":5}}},"1":{"name":"(anonymous_1)","decl":{"start":{"line":18,"column":4},"end":{"line":18,"column":8}},"loc":{"start":{"line":18,"column":19},"end":{"line":23,"column":5}}}},"branchMap":{"0":{"loc":{"start":{"line":19,"column":8},"end":{"line":21,"column":null}},"type":"if","locations":[{"start":{"line":19,"column":8},"end":{"line":21,"column":null}},{"start":{"line":19,"column":8},"end":{"line":21,"column":null}}]}},"s":{"0":3,"1":3,"2":3,"3":3,"4":3,"5":1,"6":0,"7":1,"8":3},"f":{"0":3,"1":1},"b":{"0":[0,1]}}
,"/home/liuxu/myProjects/sengokuRPG-core/src/Common/Rarity.ts": {"path":"/home/liuxu/myProjects/sengokuRPG-core/src/Common/Rarity.ts","statementMap":{"0":{"start":{"line":1,"column":0},"end":{"line":1,"column":null}},"1":{"start":{"line":2,"column":4},"end":{"line":2,"column":null}},"2":{"start":{"line":3,"column":4},"end":{"line":3,"column":null}},"3":{"start":{"line":4,"column":4},"end":{"line":4,"column":null}},"4":{"start":{"line":5,"column":4},"end":{"line":5,"column":null}},"5":{"start":{"line":6,"column":4},"end":{"line":6,"column":null}},"6":{"start":{"line":7,"column":4},"end":{"line":7,"column":null}}},"fnMap":{"0":{"name":"(anonymous_0)","decl":{"start":{"line":1,"column":0},"end":{"line":1,"column":12}},"loc":{"start":{"line":1,"column":18},"end":{"line":8,"column":1}}}},"branchMap":{"0":{"loc":{"start":{"line":1,"column":12},"end":{"line":1,"column":18}},"type":"binary-expr","locations":[{"start":{"line":1,"column":12},"end":{"line":1,"column":18}},{"start":{"line":1,"column":12},"end":{"line":1,"column":null}}]}},"s":{"0":4,"1":4,"2":4,"3":4,"4":4,"5":4,"6":4},"f":{"0":4},"b":{"0":[4,4]}}
,"/home/liuxu/myProjects/sengokuRPG-core/src/Item/EquipmentType.ts": {"path":"/home/liuxu/myProjects/sengokuRPG-core/src/Item/EquipmentType.ts","statementMap":{"0":{"start":{"line":4,"column":0},"end":{"line":4,"column":null}},"1":{"start":{"line":5,"column":4},"end":{"line":5,"column":null}},"2":{"start":{"line":6,"column":4},"end":{"line":6,"column":null}},"3":{"start":{"line":7,"column":4},"end":{"line":7,"column":null}},"4":{"start":{"line":8,"column":4},"end":{"line":8,"column":null}}},"fnMap":{"0":{"name":"(anonymous_0)","decl":{"start":{"line":4,"column":0},"end":{"line":4,"column":12}},"loc":{"start":{"line":4,"column":25},"end":{"line":9,"column":1}}}},"branchMap":{"0":{"loc":{"start":{"line":4,"column":12},"end":{"line":4,"column":25}},"type":"binary-expr","locations":[{"start":{"line":4,"column":12},"end":{"line":4,"column":25}},{"start":{"line":4,"column":12},"end":{"line":4,"column":null}}]}},"s":{"0":4,"1":4,"2":4,"3":4,"4":4},"f":{"0":4},"b":{"0":[4,4]}}
,"/home/liuxu/myProjects/sengokuRPG-core/src/Item/ItemBase.ts": {"path":"/home/liuxu/myProjects/sengokuRPG-core/src/Item/ItemBase.ts","statementMap":{"0":{"start":{"line":1,"column":0},"end":{"line":1,"column":56}},"1":{"start":{"line":2,"column":0},"end":{"line":2,"column":38}},"2":{"start":{"line":3,"column":0},"end":{"line":3,"column":42}},"3":{"start":{"line":8,"column":0},"end":{"line":8,"column":22}}},"fnMap":{},"branchMap":{},"s":{"0":4,"1":4,"2":4,"3":4},"f":{},"b":{}}
,"/home/liuxu/myProjects/sengokuRPG-core/src/Item/ItemConfiguration.ts": {"path":"/home/liuxu/myProjects/sengokuRPG-core/src/Item/ItemConfiguration.ts","statementMap":{"0":{"start":{"line":4,"column":0},"end":{"line":4,"column":13}}},"fnMap":{},"branchMap":{},"s":{"0":4},"f":{},"b":{}}
,"/home/liuxu/myProjects/sengokuRPG-core/src/Item/ItemEquipment.ts": {"path":"/home/liuxu/myProjects/sengokuRPG-core/src/Item/ItemEquipment.ts","statementMap":{"0":{"start":{"line":1,"column":0},"end":{"line":1,"column":38}},"1":{"start":{"line":2,"column":0},"end":{"line":2,"column":38}},"2":{"start":{"line":32,"column":8},"end":{"line":32,"column":82}},"3":{"start":{"line":33,"column":8},"end":{"line":33,"column":43}},"4":{"start":{"line":34,"column":8},"end":{"line":34,"column":29}},"5":{"start":{"line":35,"column":8},"end":{"line":35,"column":29}},"6":{"start":{"line":40,"column":8},"end":{"line":40,"column":29}},"7":{"start":{"line":11,"column":0},"end":{"line":11,"column":13}}},"fnMap":{"0":{"name":"(anonymous_0)","decl":{"start":{"line":19,"column":4},"end":{"line":19,"column":16}},"loc":{"start":{"line":31,"column":5},"end":{"line":36,"column":5}}},"1":{"name":"(anonymous_1)","decl":{"start":{"line":39,"column":4},"end":{"line":39,"column":13}},"loc":{"start":{"line":39,"column":37},"end":{"line":41,"column":5}}}},"branchMap":{},"s":{"0":4,"1":4,"2":2,"3":2,"4":2,"5":2,"6":1,"7":4},"f":{"0":2,"1":1},"b":{}}
,"/home/liuxu/myProjects/sengokuRPG-core/src/Item/ItemMaterial.ts": {"path":"/home/liuxu/myProjects/sengokuRPG-core/src/Item/ItemMaterial.ts","statementMap":{"0":{"start":{"line":2,"column":0},"end":{"line":2,"column":38}},"1":{"start":{"line":3,"column":0},"end":{"line":3,"column":38}},"2":{"start":{"line":16,"column":8},"end":{"line":16,"column":87}},"3":{"start":{"line":9,"column":0},"end":{"line":9,"column":13}}},"fnMap":{"0":{"name":"(anonymous_0)","decl":{"start":{"line":10,"column":4},"end":{"line":10,"column":16}},"loc":{"start":{"line":15,"column":75},"end":{"line":17,"column":5}}}},"branchMap":{"0":{"loc":{"start":{"line":15,"column":73},"end":{"line":15,"column":75}},"type":"default-arg","locations":[{"start":{"line":15,"column":73},"end":{"line":15,"column":75}}]},"1":{"loc":{"start":{"line":11,"column":13},"end":{"line":11,"column":28}},"type":"default-arg","locations":[{"start":{"line":11,"column":13},"end":{"line":11,"column":28}}]},"2":{"loc":{"start":{"line":12,"column":15},"end":{"line":12,"column":22}},"type":"default-arg","locations":[{"start":{"line":12,"column":15},"end":{"line":12,"column":22}}]},"3":{"loc":{"start":{"line":13,"column":16},"end":{"line":13,"column":17}},"type":"default-arg","locations":[{"start":{"line":13,"column":16},"end":{"line":13,"column":17}}]}},"s":{"0":4,"1":4,"2":2,"3":4},"f":{"0":2},"b":{"0":[1],"1":[1],"2":[1],"3":[1]}}
,"/home/liuxu/myProjects/sengokuRPG-core/src/Item/ItemSystem.ts": {"path":"/home/liuxu/myProjects/sengokuRPG-core/src/Item/ItemSystem.ts","statementMap":{"0":{"start":{"line":1,"column":0},"end":{"line":1,"column":38}},"1":{"start":{"line":2,"column":0},"end":{"line":2,"column":38}},"2":{"start":{"line":16,"column":8},"end":{"line":16,"column":79}},"3":{"start":{"line":8,"column":0},"end":{"line":8,"column":13}}},"fnMap":{"0":{"name":"(anonymous_0)","decl":{"start":{"line":9,"column":4},"end":{"line":9,"column":16}},"loc":{"start":{"line":15,"column":98},"end":{"line":17,"column":5}}}},"branchMap":{"0":{"loc":{"start":{"line":15,"column":96},"end":{"line":15,"column":98}},"type":"default-arg","locations":[{"start":{"line":15,"column":96},"end":{"line":15,"column":98}}]},"1":{"loc":{"start":{"line":10,"column":13},"end":{"line":10,"column":30}},"type":"default-arg","locations":[{"start":{"line":10,"column":13},"end":{"line":10,"column":30}}]},"2":{"loc":{"start":{"line":11,"column":15},"end":{"line":11,"column":24}},"type":"default-arg","locations":[{"start":{"line":11,"column":15},"end":{"line":11,"column":24}}]},"3":{"loc":{"start":{"line":12,"column":16},"end":{"line":12,"column":17}},"type":"default-arg","locations":[{"start":{"line":12,"column":16},"end":{"line":12,"column":17}}]},"4":{"loc":{"start":{"line":13,"column":22},"end":{"line":13,"column":26}},"type":"default-arg","locations":[{"start":{"line":13,"column":22},"end":{"line":13,"column":26}}]}},"s":{"0":4,"1":4,"2":6,"3":4},"f":{"0":6},"b":{"0":[1],"1":[1],"2":[1],"3":[3],"4":[4]}}
,"/home/liuxu/myProjects/sengokuRPG-core/src/Item/ItemType.ts": {"path":"/home/liuxu/myProjects/sengokuRPG-core/src/Item/ItemType.ts","statementMap":{"0":{"start":{"line":1,"column":0},"end":{"line":1,"column":null}},"1":{"start":{"line":2,"column":4},"end":{"line":2,"column":null}},"2":{"start":{"line":3,"column":4},"end":{"line":3,"column":null}},"3":{"start":{"line":4,"column":4},"end":{"line":4,"column":null}},"4":{"start":{"line":5,"column":4},"end":{"line":5,"column":null}},"5":{"start":{"line":6,"column":4},"end":{"line":6,"column":null}}},"fnMap":{"0":{"name":"(anonymous_0)","decl":{"start":{"line":1,"column":0},"end":{"line":1,"column":12}},"loc":{"start":{"line":1,"column":20},"end":{"line":7,"column":1}}}},"branchMap":{"0":{"loc":{"start":{"line":1,"column":12},"end":{"line":1,"column":20}},"type":"binary-expr","locations":[{"start":{"line":1,"column":12},"end":{"line":1,"column":20}},{"start":{"line":1,"column":12},"end":{"line":1,"column":null}}]}},"s":{"0":4,"1":4,"2":4,"3":4,"4":4,"5":4},"f":{"0":4},"b":{"0":[4,4]}}
,"/home/liuxu/myProjects/sengokuRPG-core/src/Item/index.ts": {"path":"/home/liuxu/myProjects/sengokuRPG-core/src/Item/index.ts","statementMap":{"0":{"start":{"line":1,"column":0},"end":{"line":1,"column":9}},"1":{"start":{"line":9,"column":9},"end":{"line":1,"column":38}},"2":{"start":{"line":2,"column":0},"end":{"line":2,"column":9}},"3":{"start":{"line":9,"column":19},"end":{"line":2,"column":38}},"4":{"start":{"line":3,"column":0},"end":{"line":3,"column":9}},"5":{"start":{"line":9,"column":29},"end":{"line":3,"column":56}},"6":{"start":{"line":4,"column":0},"end":{"line":4,"column":9}},"7":{"start":{"line":9,"column":48},"end":{"line":4,"column":48}},"8":{"start":{"line":5,"column":0},"end":{"line":5,"column":9}},"9":{"start":{"line":9,"column":63},"end":{"line":5,"column":46}},"10":{"start":{"line":6,"column":0},"end":{"line":6,"column":9}},"11":{"start":{"line":9,"column":89},"end":{"line":6,"column":48}},"12":{"start":{"line":7,"column":0},"end":{"line":7,"column":9}},"13":{"start":{"line":9,"column":77},"end":{"line":7,"column":42}}},"fnMap":{},"branchMap":{},"s":{"0":4,"1":4,"2":4,"3":4,"4":4,"5":4,"6":4,"7":4,"8":4,"9":4,"10":4,"11":4,"12":4,"13":4},"f":{},"b":{}}
}
