TN:
SF:/home/liuxu/myProjects/sengokuRPG-core/src/Character/CharacterNormal.ts
FN:20,(anonymous_0)
FN:41,(anonymous_1)
FN:55,(anonymous_2)
FN:60,(anonymous_3)
FN:64,(anonymous_4)
FNF:5
FNH:1
FNDA:1,(anonymous_0)
FNDA:0,(anonymous_1)
FNDA:0,(anonymous_2)
FNDA:0,(anonymous_3)
FNDA:0,(anonymous_4)
DA:2,1
DA:4,1
DA:10,1
DA:21,1
DA:22,1
DA:23,1
DA:24,1
DA:25,1
DA:27,1
DA:28,0
DA:29,0
DA:30,0
DA:32,1
DA:33,1
DA:34,1
DA:35,1
DA:40,1
DA:41,0
DA:56,0
DA:57,0
DA:61,0
DA:65,0
LF:22
LH:14
BRDA:27,0,0,0
BRDA:27,0,1,1
BRDA:56,1,0,0
BRDA:56,1,1,0
BRDA:56,2,0,0
BRDA:56,2,1,0
BRF:6
BRH:1
end_of_record
TN:
SF:/home/liuxu/myProjects/sengokuRPG-core/src/Character/CharacterPropertyNormal.ts
FN:15,(anonymous_0)
FN:24,(anonymous_1)
FNF:2
FNH:1
FNDA:1,(anonymous_0)
FNDA:0,(anonymous_1)
DA:6,1
DA:16,1
DA:17,1
DA:18,1
DA:25,0
DA:26,0
DA:28,0
LF:7
LH:4
BRDA:25,0,0,0
BRDA:25,0,1,0
BRF:2
BRH:0
end_of_record
TN:
SF:/home/liuxu/myProjects/sengokuRPG-core/src/Character/EquipmentSlot.ts
FN:17,(anonymous_0)
FN:32,(anonymous_1)
FNF:2
FNH:0
FNDA:0,(anonymous_0)
FNDA:0,(anonymous_1)
DA:1,1
DA:7,1
DA:18,0
DA:19,0
DA:20,0
DA:21,0
DA:24,0
DA:33,0
LF:8
LH:2
BRF:0
BRH:0
end_of_record
TN:
SF:/home/liuxu/myProjects/sengokuRPG-core/src/Common/Rarity.ts
FN:1,(anonymous_0)
FNF:1
FNH:1
FNDA:4,(anonymous_0)
DA:1,4
DA:2,4
DA:3,4
DA:4,4
DA:5,4
DA:6,4
DA:7,4
LF:7
LH:7
BRDA:1,0,0,4
BRDA:1,0,1,4
BRF:2
BRH:2
end_of_record
TN:
SF:/home/liuxu/myProjects/sengokuRPG-core/src/Condition/Condition.ts
FN:6,(anonymous_0)
FN:19,(anonymous_1)
FN:30,(anonymous_2)
FN:35,(anonymous_3)
FN:38,(anonymous_4)
FN:41,(anonymous_5)
FNF:6
FNH:2
FNDA:1,(anonymous_0)
FNDA:2,(anonymous_1)
FNDA:0,(anonymous_2)
FNDA:0,(anonymous_3)
FNDA:0,(anonymous_4)
FNDA:0,(anonymous_5)
DA:6,1
DA:7,1
DA:8,1
DA:14,1
DA:26,2
DA:27,2
DA:31,0
DA:36,0
DA:38,0
DA:41,0
LF:10
LH:6
BRDA:6,0,0,1
BRDA:6,0,1,1
BRDA:25,1,0,2
BRDA:20,2,0,2
BRDA:21,3,0,2
BRDA:36,4,0,0
BRDA:36,4,1,0
BRF:7
BRH:5
end_of_record
TN:
SF:/home/liuxu/myProjects/sengokuRPG-core/src/Condition/ConditionItem.ts
FN:6,(anonymous_0)
FN:11,(anonymous_1)
FNF:2
FNH:0
FNDA:0,(anonymous_0)
FNDA:0,(anonymous_1)
DA:4,1
DA:7,0
DA:12,0
LF:3
LH:1
BRDA:6,0,0,0
BRDA:6,1,0,0
BRF:2
BRH:0
end_of_record
TN:
SF:/home/liuxu/myProjects/sengokuRPG-core/src/Condition/index.ts
FNF:0
FNH:0
DA:1,1
DA:2,1
DA:4,1
LF:3
LH:3
BRF:0
BRH:0
end_of_record
TN:
SF:/home/liuxu/myProjects/sengokuRPG-core/src/Item/EquipmentCenter.ts
FN:17,(anonymous_0)
FN:27,(anonymous_1)
FN:35,(anonymous_2)
FN:42,(anonymous_3)
FN:49,(anonymous_4)
FN:50,(anonymous_5)
FN:66,(anonymous_6)
FNF:7
FNH:1
FNDA:1,(anonymous_0)
FNDA:0,(anonymous_1)
FNDA:0,(anonymous_2)
FNDA:0,(anonymous_3)
FNDA:0,(anonymous_4)
FNDA:0,(anonymous_5)
FNDA:0,(anonymous_6)
DA:1,4
DA:2,4
DA:4,4
DA:12,4
DA:18,1
DA:19,1
DA:20,1
DA:28,0
DA:36,0
DA:37,0
DA:38,0
DA:43,0
DA:44,0
DA:45,0
DA:50,0
DA:51,0
DA:52,0
DA:53,0
DA:55,0
DA:68,0
DA:70,0
DA:73,0
DA:74,0
DA:75,0
DA:76,0
DA:78,0
DA:80,0
DA:81,0
DA:84,0
DA:85,0
DA:86,0
DA:88,0
DA:90,0
DA:93,0
DA:95,0
DA:97,0
LF:36
LH:7
BRDA:59,0,0,0
BRDA:59,0,1,0
BRDA:59,1,0,0
BRDA:59,1,1,0
BRDA:68,2,0,0
BRDA:68,2,1,0
BRDA:75,3,0,0
BRDA:75,3,1,0
BRDA:88,4,0,0
BRDA:88,4,1,0
BRF:10
BRH:0
end_of_record
TN:
SF:/home/liuxu/myProjects/sengokuRPG-core/src/Item/EquipmentType.ts
FN:4,(anonymous_0)
FNF:1
FNH:1
FNDA:4,(anonymous_0)
DA:4,4
DA:5,4
DA:6,4
DA:7,4
DA:8,4
DA:9,4
DA:10,4
DA:11,4
LF:8
LH:8
BRDA:4,0,0,4
BRDA:4,0,1,4
BRF:2
BRH:2
end_of_record
TN:
SF:/home/liuxu/myProjects/sengokuRPG-core/src/Item/ItemBase.ts
FN:24,(anonymous_0)
FNF:1
FNH:1
FNDA:8,(anonymous_0)
DA:1,4
DA:2,4
DA:8,4
DA:32,8
DA:33,8
DA:34,8
DA:35,8
DA:36,8
DA:37,8
DA:38,8
LF:10
LH:10
BRDA:31,0,0,0
BRDA:25,1,0,0
BRDA:26,2,0,0
BRDA:27,3,0,0
BRDA:28,4,0,0
BRDA:29,5,0,2
BRDA:30,6,0,0
BRF:7
BRH:1
end_of_record
TN:
SF:/home/liuxu/myProjects/sengokuRPG-core/src/Item/ItemCenter.ts
FN:18,(anonymous_0)
FN:27,(anonymous_1)
FN:30,(anonymous_2)
FN:50,(anonymous_3)
FN:54,(anonymous_4)
FN:58,(anonymous_5)
FNF:6
FNH:3
FNDA:1,(anonymous_0)
FNDA:4,(anonymous_1)
FNDA:2,(anonymous_2)
FNDA:0,(anonymous_3)
FNDA:0,(anonymous_4)
FNDA:0,(anonymous_5)
DA:3,4
DA:9,4
DA:19,1
DA:20,1
DA:28,4
DA:30,3
DA:31,2
DA:33,3
DA:35,1
DA:38,2
DA:42,1
DA:51,0
DA:55,0
DA:59,0
LF:14
LH:11
BRDA:28,0,0,3
BRDA:28,0,1,1
BRDA:33,1,0,1
BRDA:33,1,1,2
BRF:4
BRH:4
end_of_record
TN:
SF:/home/liuxu/myProjects/sengokuRPG-core/src/Item/ItemEquipment.ts
FN:50,(anonymous_0)
FN:21,(anonymous_1)
FN:23,(anonymous_2)
FN:24,(anonymous_3)
FN:77,(anonymous_4)
FNF:5
FNH:0
FNDA:0,(anonymous_0)
FNDA:0,(anonymous_1)
FNDA:0,(anonymous_2)
FNDA:0,(anonymous_3)
FNDA:0,(anonymous_4)
DA:1,4
DA:2,4
DA:11,4
DA:22,0
DA:23,0
DA:24,0
DA:67,0
DA:68,0
DA:69,0
DA:70,0
DA:71,0
DA:72,0
DA:73,0
DA:78,0
LF:14
LH:3
BRF:0
BRH:0
end_of_record
TN:
SF:/home/liuxu/myProjects/sengokuRPG-core/src/Item/ItemMaterial.ts
FN:9,(anonymous_0)
FNF:1
FNH:1
FNDA:2,(anonymous_0)
DA:1,4
DA:2,4
DA:8,4
DA:15,2
LF:4
LH:4
BRDA:14,0,0,1
BRDA:10,1,0,1
BRDA:11,2,0,1
BRDA:12,3,0,1
BRF:4
BRH:4
end_of_record
TN:
SF:/home/liuxu/myProjects/sengokuRPG-core/src/Item/ItemSystem.ts
FN:9,(anonymous_0)
FNF:1
FNH:1
FNDA:6,(anonymous_0)
DA:1,4
DA:2,4
DA:8,4
DA:16,6
LF:4
LH:4
BRDA:15,0,0,1
BRDA:10,1,0,1
BRDA:11,2,0,1
BRDA:12,3,0,3
BRDA:13,4,0,4
BRF:5
BRH:5
end_of_record
TN:
SF:/home/liuxu/myProjects/sengokuRPG-core/src/Item/ItemType.ts
FN:1,(anonymous_0)
FNF:1
FNH:1
FNDA:4,(anonymous_0)
DA:1,4
DA:2,4
DA:3,4
DA:4,4
DA:5,4
DA:6,4
LF:6
LH:6
BRDA:1,0,0,4
BRDA:1,0,1,4
BRF:2
BRH:2
end_of_record
TN:
SF:/home/liuxu/myProjects/sengokuRPG-core/src/Item/index.ts
FNF:0
FNH:0
DA:1,4
DA:2,4
DA:4,4
DA:5,4
DA:6,4
DA:7,4
DA:8,4
DA:12,4
DA:13,4
DA:14,4
DA:16,4
DA:17,4
DA:18,4
DA:19,4
LF:14
LH:14
BRF:0
BRH:0
end_of_record
TN:
SF:/home/liuxu/myProjects/sengokuRPG-core/src/Task/Task.ts
FN:21,(anonymous_0)
FNF:1
FNH:1
FNDA:1,(anonymous_0)
DA:1,1
DA:2,1
DA:5,1
DA:34,1
DA:35,1
DA:36,1
DA:37,1
DA:38,1
DA:39,1
LF:9
LH:9
BRDA:23,0,0,1
BRDA:24,1,0,0
BRDA:25,2,0,1
BRDA:26,3,0,0
BRF:4
BRH:2
end_of_record
TN:
SF:/home/liuxu/myProjects/sengokuRPG-core/src/Task/TaskStatus.ts
FN:2,(anonymous_0)
FNF:1
FNH:1
FNDA:1,(anonymous_0)
DA:2,1
DA:3,1
DA:4,1
DA:5,1
DA:6,1
DA:7,1
DA:8,1
LF:7
LH:7
BRDA:2,0,0,1
BRDA:2,0,1,1
BRF:2
BRH:2
end_of_record
