TN:
SF:/home/liuxu/myProjects/sengokuRPG-core/src/Backpack/Backpack.ts
FN:7,(anonymous_0)
FN:11,(anonymous_1)
FN:14,(anonymous_2)
FNF:3
FNH:3
FNDA:1,(anonymous_0)
FNDA:4,(anonymous_1)
FNDA:2,(anonymous_2)
DA:3,1
DA:8,1
DA:12,4
DA:14,3
DA:15,2
DA:17,3
DA:19,1
DA:22,2
DA:26,1
LF:9
LH:9
BRDA:12,0,0,3
BRDA:12,0,1,1
BRDA:17,1,0,1
BRDA:17,1,1,2
BRF:4
BRH:4
end_of_record
TN:
SF:/home/liuxu/myProjects/sengokuRPG-core/src/Character/CharacterConfiguration.ts
FN:10,(anonymous_0)
FNF:1
FNH:1
FNDA:12,(anonymous_0)
DA:6,4
DA:19,12
DA:20,12
DA:21,12
LF:4
LH:4
BRDA:18,0,0,4
BRDA:11,1,0,5
BRDA:12,2,0,5
BRDA:13,3,0,5
BRF:4
BRH:4
end_of_record
TN:
SF:/home/liuxu/myProjects/sengokuRPG-core/src/Character/CharacterNormal.ts
FN:12,(anonymous_0)
FNF:1
FNH:1
FNDA:5,(anonymous_0)
DA:1,3
DA:2,3
DA:8,3
DA:16,5
DA:17,5
DA:18,5
DA:19,5
DA:20,1
DA:21,1
DA:23,5
LF:10
LH:10
BRDA:15,0,0,2
BRDA:13,1,0,4
BRDA:14,2,0,3
BRF:3
BRH:3
end_of_record
TN:
SF:/home/liuxu/myProjects/sengokuRPG-core/src/Character/CharacterPropertyConfiguration.ts
FN:7,(anonymous_0)
FNF:1
FNH:1
FNDA:9,(anonymous_0)
DA:4,5
DA:8,9
DA:9,9
LF:3
LH:3
BRDA:7,0,0,3
BRDA:7,1,0,5
BRDA:7,2,0,5
BRF:3
BRH:3
end_of_record
TN:
SF:/home/liuxu/myProjects/sengokuRPG-core/src/Character/CharacterPropertyNormal.ts
FN:8,(anonymous_0)
FN:18,(anonymous_1)
FNF:2
FNH:2
FNDA:3,(anonymous_0)
FNDA:1,(anonymous_1)
DA:1,3
DA:6,3
DA:9,3
DA:10,3
DA:11,3
DA:12,3
DA:19,1
DA:20,0
DA:22,1
LF:9
LH:8
BRDA:19,0,0,0
BRDA:19,0,1,1
BRF:2
BRH:1
end_of_record
TN:
SF:/home/liuxu/myProjects/sengokuRPG-core/src/Common/Rarity.ts
FN:1,(anonymous_0)
FNF:1
FNH:1
FNDA:4,(anonymous_0)
DA:1,4
DA:2,4
DA:3,4
DA:4,4
DA:5,4
DA:6,4
DA:7,4
LF:7
LH:7
BRDA:1,0,0,4
BRDA:1,0,1,4
BRF:2
BRH:2
end_of_record
TN:
SF:/home/liuxu/myProjects/sengokuRPG-core/src/Item/EquipmentType.ts
FN:4,(anonymous_0)
FNF:1
FNH:1
FNDA:4,(anonymous_0)
DA:4,4
DA:5,4
DA:6,4
DA:7,4
DA:8,4
LF:5
LH:5
BRDA:4,0,0,4
BRDA:4,0,1,4
BRF:2
BRH:2
end_of_record
TN:
SF:/home/liuxu/myProjects/sengokuRPG-core/src/Item/ItemBase.ts
FNF:0
FNH:0
DA:1,4
DA:2,4
DA:3,4
DA:8,4
LF:4
LH:4
BRF:0
BRH:0
end_of_record
TN:
SF:/home/liuxu/myProjects/sengokuRPG-core/src/Item/ItemConfiguration.ts
FNF:0
FNH:0
DA:4,4
LF:1
LH:1
BRF:0
BRH:0
end_of_record
TN:
SF:/home/liuxu/myProjects/sengokuRPG-core/src/Item/ItemEquipment.ts
FN:19,(anonymous_0)
FN:39,(anonymous_1)
FNF:2
FNH:2
FNDA:2,(anonymous_0)
FNDA:1,(anonymous_1)
DA:1,4
DA:2,4
DA:11,4
DA:32,2
DA:33,2
DA:34,2
DA:35,2
DA:40,1
LF:8
LH:8
BRF:0
BRH:0
end_of_record
TN:
SF:/home/liuxu/myProjects/sengokuRPG-core/src/Item/ItemMaterial.ts
FN:10,(anonymous_0)
FNF:1
FNH:1
FNDA:2,(anonymous_0)
DA:2,4
DA:3,4
DA:9,4
DA:16,2
LF:4
LH:4
BRDA:15,0,0,1
BRDA:11,1,0,1
BRDA:12,2,0,1
BRDA:13,3,0,1
BRF:4
BRH:4
end_of_record
TN:
SF:/home/liuxu/myProjects/sengokuRPG-core/src/Item/ItemSystem.ts
FN:9,(anonymous_0)
FNF:1
FNH:1
FNDA:6,(anonymous_0)
DA:1,4
DA:2,4
DA:8,4
DA:16,6
LF:4
LH:4
BRDA:15,0,0,1
BRDA:10,1,0,1
BRDA:11,2,0,1
BRDA:12,3,0,3
BRDA:13,4,0,4
BRF:5
BRH:5
end_of_record
TN:
SF:/home/liuxu/myProjects/sengokuRPG-core/src/Item/ItemType.ts
FN:1,(anonymous_0)
FNF:1
FNH:1
FNDA:4,(anonymous_0)
DA:1,4
DA:2,4
DA:3,4
DA:4,4
DA:5,4
DA:6,4
LF:6
LH:6
BRDA:1,0,0,4
BRDA:1,0,1,4
BRF:2
BRH:2
end_of_record
TN:
SF:/home/liuxu/myProjects/sengokuRPG-core/src/Item/index.ts
FNF:0
FNH:0
DA:1,4
DA:2,4
DA:3,4
DA:4,4
DA:5,4
DA:6,4
DA:7,4
DA:9,4
LF:8
LH:8
BRF:0
BRH:0
end_of_record
